2024-07-22 14:10:57 WARN  Dialect:353 - HHH000511: The 11.22.0 version for [org.hibernate.dialect.PostgreSQLDialect] is no longer supported, hence certain features may not work properly. The minimum supported version is 12.0.0. Check the community dialects project for available legacy versions.
2024-07-22 14:10:58 WARN  JpaBaseConfiguration$JpaWebConfiguration:232 - spring.jpa.open-in-view is enabled by default. Therefore, database queries may be performed during view rendering. Explicitly configure spring.jpa.open-in-view to disable this warning
2024-07-22 14:10:59 WARN  RunAfterStartup:23 - This is a warn message
2024-07-22 14:10:59 ERROR RunAfterStartup:24 - This is an error message
2024-07-22 14:11:00 WARN  Main:18 - Main is a warn message
2024-07-22 14:11:00 ERROR Main:19 - Main is an error message
2024-07-22 14:11:45 WARN  Dialect:353 - HHH000511: The 11.22.0 version for [org.hibernate.dialect.PostgreSQLDialect] is no longer supported, hence certain features may not work properly. The minimum supported version is 12.0.0. Check the community dialects project for available legacy versions.
2024-07-22 14:11:46 WARN  JpaBaseConfiguration$JpaWebConfiguration:232 - spring.jpa.open-in-view is enabled by default. Therefore, database queries may be performed during view rendering. Explicitly configure spring.jpa.open-in-view to disable this warning
2024-07-22 14:11:47 WARN  RunAfterStartup:23 - This is a warn message
2024-07-22 14:11:47 ERROR RunAfterStartup:24 - This is an error message
2024-07-22 14:11:48 WARN  Main:18 - Main is a warn message
2024-07-22 14:11:48 ERROR Main:19 - Main is an error message
2024-07-22 14:12:18 WARN  Dialect:353 - HHH000511: The 11.22.0 version for [org.hibernate.dialect.PostgreSQLDialect] is no longer supported, hence certain features may not work properly. The minimum supported version is 12.0.0. Check the community dialects project for available legacy versions.
2024-07-22 14:12:19 WARN  JpaBaseConfiguration$JpaWebConfiguration:232 - spring.jpa.open-in-view is enabled by default. Therefore, database queries may be performed during view rendering. Explicitly configure spring.jpa.open-in-view to disable this warning
2024-07-22 14:12:20 WARN  RunAfterStartup:23 - This is a warn message
2024-07-22 14:12:20 ERROR RunAfterStartup:24 - This is an error message
2024-07-22 14:12:21 WARN  Main:18 - Main is a warn message
2024-07-22 14:12:21 ERROR Main:19 - Main is an error message
2024-07-22 14:14:59 INFO  Main:50 - Starting Main using Java 17.0.10 with PID 45245 (/home/egor/git/Java/dwh2024/target/classes started by egor in /home/egor/git/Java/dwh2024)
2024-07-22 14:14:59 INFO  Main:654 - No active profile set, falling back to 1 default profile: "default"
2024-07-22 14:14:59 INFO  DevToolsPropertyDefaultsPostProcessor:252 - Devtools property defaults active! Set 'spring.devtools.add-properties' to 'false' to disable
2024-07-22 14:14:59 INFO  DevToolsPropertyDefaultsPostProcessor:252 - For additional web related logging consider setting the 'logging.level.web' property to 'DEBUG'
2024-07-22 14:14:59 INFO  RepositoryConfigurationDelegate:139 - Bootstrapping Spring Data JPA repositories in DEFAULT mode.
2024-07-22 14:15:00 INFO  RepositoryConfigurationDelegate:208 - Finished Spring Data repository scanning in 38 ms. Found 1 JPA repository interface.
2024-07-22 14:15:00 INFO  TomcatWebServer:109 - Tomcat initialized with port 8080 (http)
2024-07-22 14:15:00 INFO  ServletWebServerApplicationContext:296 - Root WebApplicationContext: initialization completed in 1412 ms
2024-07-22 14:15:00 INFO  HikariDataSource:110 - HikariPool-1 - Starting...
2024-07-22 14:15:00 INFO  HikariPool:565 - HikariPool-1 - Added connection org.postgresql.jdbc.PgConnection@6568c3fa
2024-07-22 14:15:00 INFO  HikariDataSource:123 - HikariPool-1 - Start completed.
2024-07-22 14:15:01 INFO  LogHelper:31 - HHH000204: Processing PersistenceUnitInfo [name: default]
2024-07-22 14:15:01 INFO  Version:44 - HHH000412: Hibernate ORM core version 6.4.4.Final
2024-07-22 14:15:01 INFO  RegionFactoryInitiator:50 - HHH000026: Second-level cache disabled
2024-07-22 14:15:01 INFO  SpringPersistenceUnitInfo:87 - No LoadTimeWeaver setup: ignoring JPA class transformer
2024-07-22 14:15:01 WARN  Dialect:353 - HHH000511: The 11.22.0 version for [org.hibernate.dialect.PostgreSQLDialect] is no longer supported, hence certain features may not work properly. The minimum supported version is 12.0.0. Check the community dialects project for available legacy versions.
2024-07-22 14:15:02 INFO  JtaPlatformInitiator:58 - HHH000489: No JTA platform available (set 'hibernate.transaction.jta.platform' to enable JTA platform integration)
2024-07-22 14:15:02 INFO  LocalContainerEntityManagerFactoryBean:437 - Initialized JPA EntityManagerFactory for persistence unit 'default'
2024-07-22 14:15:02 WARN  JpaBaseConfiguration$JpaWebConfiguration:232 - spring.jpa.open-in-view is enabled by default. Therefore, database queries may be performed during view rendering. Explicitly configure spring.jpa.open-in-view to disable this warning
2024-07-22 14:15:03 INFO  OptionalLiveReloadServer:59 - LiveReload server is running on port 35729
2024-07-22 14:15:03 INFO  TomcatWebServer:241 - Tomcat started on port 8080 (http) with context path ''
2024-07-22 14:15:03 INFO  Main:56 - Started Main in 4.513 seconds (process running for 4.994)
2024-07-22 14:15:03 INFO  RunAfterStartup:22 - This is an info message
2024-07-22 14:15:03 WARN  RunAfterStartup:23 - This is a warn message
2024-07-22 14:15:03 ERROR RunAfterStartup:24 - This is an error message
2024-07-22 14:15:03 INFO  ReaderService:35 - Сохранение в БД
2024-07-22 14:15:03 INFO  ReaderService:35 - Сохранение в БД
2024-07-22 14:15:03 INFO  ReaderService:35 - Сохранение в БД
2024-07-22 14:15:03 INFO  ReaderService:35 - Сохранение в БД
2024-07-22 14:15:03 INFO  ReaderService:35 - Сохранение в БД
2024-07-22 14:15:03 INFO  ReaderService:35 - Сохранение в БД
2024-07-22 14:15:03 INFO  ReaderService:35 - Сохранение в БД
2024-07-22 14:15:03 INFO  ReaderService:35 - Сохранение в БД
2024-07-22 14:15:03 INFO  ReaderService:35 - Сохранение в БД
2024-07-22 14:15:03 INFO  ReaderService:35 - Сохранение в БД
2024-07-22 14:15:03 INFO  ReaderService:35 - Сохранение в БД
2024-07-22 14:15:03 INFO  ReaderService:35 - Сохранение в БД
2024-07-22 14:15:03 INFO  ReaderService:35 - Сохранение в БД
2024-07-22 14:15:03 INFO  ReaderService:35 - Сохранение в БД
2024-07-22 14:15:03 INFO  ReaderService:35 - Сохранение в БД
2024-07-22 14:15:03 INFO  ReaderService:35 - Сохранение в БД
2024-07-22 14:15:03 INFO  ReaderService:35 - Сохранение в БД
2024-07-22 14:15:03 INFO  ReaderService:35 - Сохранение в БД
2024-07-22 14:15:03 INFO  ReaderService:35 - Сохранение в БД
2024-07-22 14:15:03 INFO  ReaderService:35 - Сохранение в БД
2024-07-22 14:15:03 INFO  ReaderService:35 - Сохранение в БД
2024-07-22 14:15:03 INFO  ReaderService:35 - Сохранение в БД
2024-07-22 14:15:03 INFO  ReaderService:35 - Сохранение в БД
2024-07-22 14:15:03 INFO  ReaderService:35 - Сохранение в БД
2024-07-22 14:15:03 INFO  ReaderService:35 - Сохранение в БД
2024-07-22 14:15:03 INFO  ReaderService:35 - Сохранение в БД
2024-07-22 14:15:03 INFO  ReaderService:35 - Сохранение в БД
2024-07-22 14:15:03 INFO  ReaderService:35 - Сохранение в БД
2024-07-22 14:15:03 INFO  ReaderService:35 - Сохранение в БД
2024-07-22 14:15:03 INFO  ReaderService:35 - Сохранение в БД
2024-07-22 14:15:03 INFO  ReaderService:35 - Сохранение в БД
2024-07-22 14:15:03 INFO  ReaderService:35 - Сохранение в БД
2024-07-22 14:15:03 INFO  ReaderService:35 - Сохранение в БД
2024-07-22 14:15:03 INFO  ReaderService:35 - Сохранение в БД
2024-07-22 14:15:03 INFO  ReaderService:35 - Сохранение в БД
2024-07-22 14:15:03 INFO  ReaderService:35 - Сохранение в БД
2024-07-22 14:15:03 INFO  ReaderService:35 - Сохранение в БД
2024-07-22 14:15:03 INFO  ReaderService:35 - Сохранение в БД
2024-07-22 14:15:03 INFO  ReaderService:35 - Сохранение в БД
2024-07-22 14:15:03 INFO  ReaderService:35 - Сохранение в БД
2024-07-22 14:15:03 INFO  ReaderService:35 - Сохранение в БД
2024-07-22 14:15:03 INFO  ReaderService:35 - Сохранение в БД
2024-07-22 14:15:03 INFO  ReaderService:35 - Сохранение в БД
2024-07-22 14:15:03 INFO  ReaderService:35 - Сохранение в БД
2024-07-22 14:15:03 INFO  ReaderService:35 - Сохранение в БД
2024-07-22 14:15:03 INFO  ReaderService:35 - Сохранение в БД
2024-07-22 14:15:03 INFO  ReaderService:35 - Сохранение в БД
2024-07-22 14:15:03 INFO  ReaderService:35 - Сохранение в БД
2024-07-22 14:15:03 INFO  ReaderService:35 - Сохранение в БД
2024-07-22 14:15:03 INFO  ReaderService:35 - Сохранение в БД
2024-07-22 14:15:03 INFO  ReaderService:35 - Сохранение в БД
2024-07-22 14:15:03 INFO  ReaderService:35 - Сохранение в БД
2024-07-22 14:15:03 INFO  ReaderService:35 - Сохранение в БД
2024-07-22 14:15:03 INFO  ReaderService:35 - Сохранение в БД
2024-07-22 14:15:03 INFO  ReaderService:35 - Сохранение в БД
2024-07-22 14:15:03 INFO  ReaderService:35 - Сохранение в БД
2024-07-22 14:15:03 INFO  ReaderService:35 - Сохранение в БД
2024-07-22 14:15:03 INFO  ReaderService:35 - Сохранение в БД
2024-07-22 14:15:03 INFO  ReaderService:35 - Сохранение в БД
2024-07-22 14:15:03 INFO  ReaderService:35 - Сохранение в БД
2024-07-22 14:15:03 INFO  ReaderService:35 - Сохранение в БД
2024-07-22 14:15:03 INFO  ReaderService:35 - Сохранение в БД
2024-07-22 14:15:03 INFO  ReaderService:35 - Сохранение в БД
2024-07-22 14:15:03 INFO  ReaderService:35 - Сохранение в БД
2024-07-22 14:15:03 INFO  ReaderService:35 - Сохранение в БД
2024-07-22 14:15:03 INFO  ReaderService:35 - Сохранение в БД
2024-07-22 14:15:03 INFO  ReaderService:35 - Сохранение в БД
2024-07-22 14:15:03 INFO  ReaderService:35 - Сохранение в БД
2024-07-22 14:15:03 INFO  ReaderService:35 - Сохранение в БД
2024-07-22 14:15:03 INFO  ReaderService:35 - Сохранение в БД
2024-07-22 14:15:03 INFO  ReaderService:35 - Сохранение в БД
2024-07-22 14:15:03 INFO  ReaderService:35 - Сохранение в БД
2024-07-22 14:15:03 INFO  ReaderService:35 - Сохранение в БД
2024-07-22 14:15:03 INFO  ReaderService:35 - Сохранение в БД
2024-07-22 14:15:03 INFO  ReaderService:35 - Сохранение в БД
2024-07-22 14:15:03 INFO  ReaderService:35 - Сохранение в БД
2024-07-22 14:15:03 INFO  ReaderService:35 - Сохранение в БД
2024-07-22 14:15:03 INFO  ReaderService:35 - Сохранение в БД
2024-07-22 14:15:03 INFO  ReaderService:35 - Сохранение в БД
2024-07-22 14:15:03 INFO  ReaderService:35 - Сохранение в БД
2024-07-22 14:15:03 INFO  ReaderService:35 - Сохранение в БД
2024-07-22 14:15:03 INFO  ReaderService:35 - Сохранение в БД
2024-07-22 14:15:03 INFO  ReaderService:35 - Сохранение в БД
2024-07-22 14:15:03 INFO  ReaderService:35 - Сохранение в БД
2024-07-22 14:15:03 INFO  ReaderService:35 - Сохранение в БД
2024-07-22 14:15:03 INFO  ReaderService:35 - Сохранение в БД
2024-07-22 14:15:03 INFO  ReaderService:35 - Сохранение в БД
2024-07-22 14:15:03 INFO  ReaderService:35 - Сохранение в БД
2024-07-22 14:15:03 INFO  ReaderService:35 - Сохранение в БД
2024-07-22 14:15:03 INFO  ReaderService:35 - Сохранение в БД
2024-07-22 14:15:03 INFO  ReaderService:35 - Сохранение в БД
2024-07-22 14:15:03 INFO  ReaderService:35 - Сохранение в БД
2024-07-22 14:15:03 INFO  ReaderService:35 - Сохранение в БД
2024-07-22 14:15:03 INFO  ReaderService:35 - Сохранение в БД
2024-07-22 14:15:03 INFO  ReaderService:35 - Сохранение в БД
2024-07-22 14:15:03 INFO  ReaderService:35 - Сохранение в БД
2024-07-22 14:15:03 INFO  ReaderService:35 - Сохранение в БД
2024-07-22 14:15:03 INFO  ReaderService:35 - Сохранение в БД
2024-07-22 14:15:03 INFO  ReaderService:35 - Сохранение в БД
2024-07-22 14:15:03 INFO  ReaderService:35 - Сохранение в БД
2024-07-22 14:15:03 INFO  ReaderService:35 - Сохранение в БД
2024-07-22 14:15:03 INFO  ReaderService:35 - Сохранение в БД
2024-07-22 14:15:03 INFO  ReaderService:35 - Сохранение в БД
2024-07-22 14:15:03 INFO  ReaderService:35 - Сохранение в БД
2024-07-22 14:15:03 INFO  ReaderService:35 - Сохранение в БД
2024-07-22 14:15:03 INFO  ReaderService:35 - Сохранение в БД
2024-07-22 14:15:03 INFO  ReaderService:35 - Сохранение в БД
2024-07-22 14:15:03 INFO  ReaderService:35 - Сохранение в БД
2024-07-22 14:15:03 INFO  ReaderService:35 - Сохранение в БД
2024-07-22 14:15:03 INFO  ReaderService:35 - Сохранение в БД
2024-07-22 14:15:03 INFO  ReaderService:35 - Сохранение в БД
2024-07-22 14:15:03 INFO  ReaderService:35 - Сохранение в БД
2024-07-22 14:15:03 INFO  ReaderService:35 - Сохранение в БД
2024-07-22 14:15:03 INFO  ReaderService:35 - Сохранение в БД
2024-07-22 14:15:03 INFO  ReaderService:35 - Сохранение в БД
2024-07-22 14:15:03 INFO  ReaderService:35 - Сохранение в БД
2024-07-22 14:15:03 INFO  ReaderService:35 - Сохранение в БД
2024-07-22 14:15:03 INFO  ReaderService:35 - Сохранение в БД
2024-07-22 14:15:03 INFO  ReaderService:35 - Сохранение в БД
2024-07-22 14:15:03 INFO  ReaderService:35 - Сохранение в БД
2024-07-22 14:15:03 INFO  ReaderService:35 - Сохранение в БД
2024-07-22 14:15:03 INFO  ReaderService:35 - Сохранение в БД
2024-07-22 14:15:03 INFO  ReaderService:35 - Сохранение в БД
2024-07-22 14:15:03 INFO  ReaderService:35 - Сохранение в БД
2024-07-22 14:15:03 INFO  ReaderService:35 - Сохранение в БД
2024-07-22 14:15:03 INFO  ReaderService:35 - Сохранение в БД
2024-07-22 14:15:03 INFO  ReaderService:35 - Сохранение в БД
2024-07-22 14:15:03 INFO  ReaderService:35 - Сохранение в БД
2024-07-22 14:15:03 INFO  ReaderService:35 - Сохранение в БД
2024-07-22 14:15:03 INFO  ReaderService:35 - Сохранение в БД
2024-07-22 14:15:03 INFO  ReaderService:35 - Сохранение в БД
2024-07-22 14:15:03 INFO  ReaderService:35 - Сохранение в БД
2024-07-22 14:15:03 INFO  ReaderService:35 - Сохранение в БД
2024-07-22 14:15:03 INFO  ReaderService:35 - Сохранение в БД
2024-07-22 14:15:03 INFO  ReaderService:35 - Сохранение в БД
2024-07-22 14:15:03 INFO  ReaderService:35 - Сохранение в БД
2024-07-22 14:15:03 INFO  ReaderService:35 - Сохранение в БД
2024-07-22 14:15:03 INFO  ReaderService:35 - Сохранение в БД
2024-07-22 14:15:03 INFO  ReaderService:35 - Сохранение в БД
2024-07-22 14:15:03 INFO  ReaderService:35 - Сохранение в БД
2024-07-22 14:15:03 INFO  ReaderService:35 - Сохранение в БД
2024-07-22 14:15:03 INFO  ReaderService:35 - Сохранение в БД
2024-07-22 14:15:03 INFO  ReaderService:35 - Сохранение в БД
2024-07-22 14:15:03 INFO  ReaderService:35 - Сохранение в БД
2024-07-22 14:15:03 INFO  ReaderService:35 - Сохранение в БД
2024-07-22 14:15:03 INFO  ReaderService:35 - Сохранение в БД
2024-07-22 14:15:03 INFO  ReaderService:35 - Сохранение в БД
2024-07-22 14:15:03 INFO  ReaderService:35 - Сохранение в БД
2024-07-22 14:15:03 INFO  ReaderService:35 - Сохранение в БД
2024-07-22 14:15:03 INFO  ReaderService:35 - Сохранение в БД
2024-07-22 14:15:03 INFO  ReaderService:35 - Сохранение в БД
2024-07-22 14:15:03 INFO  ReaderService:35 - Сохранение в БД
2024-07-22 14:15:03 INFO  ReaderService:35 - Сохранение в БД
2024-07-22 14:15:03 INFO  ReaderService:35 - Сохранение в БД
2024-07-22 14:15:03 INFO  ReaderService:35 - Сохранение в БД
2024-07-22 14:15:03 INFO  ReaderService:35 - Сохранение в БД
2024-07-22 14:15:03 INFO  ReaderService:35 - Сохранение в БД
2024-07-22 14:15:03 INFO  ReaderService:35 - Сохранение в БД
2024-07-22 14:15:03 INFO  ReaderService:35 - Сохранение в БД
2024-07-22 14:15:03 INFO  ReaderService:35 - Сохранение в БД
2024-07-22 14:15:03 INFO  ReaderService:35 - Сохранение в БД
2024-07-22 14:15:03 INFO  ReaderService:35 - Сохранение в БД
2024-07-22 14:15:03 INFO  ReaderService:35 - Сохранение в БД
2024-07-22 14:15:03 INFO  ReaderService:35 - Сохранение в БД
2024-07-22 14:15:03 INFO  ReaderService:35 - Сохранение в БД
2024-07-22 14:15:03 INFO  ReaderService:35 - Сохранение в БД
2024-07-22 14:15:03 INFO  ReaderService:35 - Сохранение в БД
2024-07-22 14:15:03 INFO  ReaderService:35 - Сохранение в БД
2024-07-22 14:15:03 INFO  ReaderService:35 - Сохранение в БД
2024-07-22 14:15:03 INFO  ReaderService:35 - Сохранение в БД
2024-07-22 14:15:03 INFO  ReaderService:35 - Сохранение в БД
2024-07-22 14:15:03 INFO  ReaderService:35 - Сохранение в БД
2024-07-22 14:15:03 INFO  ReaderService:35 - Сохранение в БД
2024-07-22 14:15:03 INFO  ReaderService:35 - Сохранение в БД
2024-07-22 14:15:03 INFO  ReaderService:35 - Сохранение в БД
2024-07-22 14:15:03 INFO  ReaderService:35 - Сохранение в БД
2024-07-22 14:15:03 INFO  ReaderService:35 - Сохранение в БД
2024-07-22 14:15:03 INFO  ReaderService:35 - Сохранение в БД
2024-07-22 14:15:03 INFO  ReaderService:35 - Сохранение в БД
2024-07-22 14:15:03 INFO  ReaderService:35 - Сохранение в БД
2024-07-22 14:15:03 INFO  ReaderService:35 - Сохранение в БД
2024-07-22 14:15:03 INFO  ReaderService:35 - Сохранение в БД
2024-07-22 14:15:04 INFO  ReaderService:35 - Сохранение в БД
2024-07-22 14:15:04 INFO  ReaderService:35 - Сохранение в БД
2024-07-22 14:15:04 INFO  ReaderService:35 - Сохранение в БД
2024-07-22 14:15:04 INFO  ReaderService:35 - Сохранение в БД
2024-07-22 14:15:04 INFO  ReaderService:35 - Сохранение в БД
2024-07-22 14:15:04 INFO  ReaderService:35 - Сохранение в БД
2024-07-22 14:15:04 INFO  ReaderService:35 - Сохранение в БД
2024-07-22 14:15:04 INFO  ReaderService:35 - Сохранение в БД
2024-07-22 14:15:04 INFO  ReaderService:35 - Сохранение в БД
2024-07-22 14:15:04 INFO  ReaderService:35 - Сохранение в БД
2024-07-22 14:15:04 INFO  ReaderService:35 - Сохранение в БД
2024-07-22 14:15:04 INFO  ReaderService:35 - Сохранение в БД
2024-07-22 14:15:04 INFO  ReaderService:35 - Сохранение в БД
2024-07-22 14:15:04 INFO  ReaderService:35 - Сохранение в БД
2024-07-22 14:15:04 INFO  ReaderService:35 - Сохранение в БД
2024-07-22 14:15:04 INFO  ReaderService:35 - Сохранение в БД
2024-07-22 14:15:04 INFO  ReaderService:35 - Сохранение в БД
2024-07-22 14:15:04 INFO  ReaderService:35 - Сохранение в БД
2024-07-22 14:15:04 INFO  ReaderService:35 - Сохранение в БД
2024-07-22 14:15:04 INFO  ReaderService:35 - Сохранение в БД
2024-07-22 14:15:04 INFO  ReaderService:35 - Сохранение в БД
2024-07-22 14:15:04 INFO  ReaderService:35 - Сохранение в БД
2024-07-22 14:15:04 INFO  ReaderService:35 - Сохранение в БД
2024-07-22 14:15:04 INFO  ReaderService:35 - Сохранение в БД
2024-07-22 14:15:04 INFO  ReaderService:35 - Сохранение в БД
2024-07-22 14:15:04 INFO  ReaderService:35 - Сохранение в БД
2024-07-22 14:15:04 INFO  ReaderService:35 - Сохранение в БД
2024-07-22 14:15:04 INFO  ReaderService:35 - Сохранение в БД
2024-07-22 14:15:04 INFO  ReaderService:35 - Сохранение в БД
2024-07-22 14:15:04 INFO  ReaderService:35 - Сохранение в БД
2024-07-22 14:15:04 INFO  ReaderService:35 - Сохранение в БД
2024-07-22 14:15:04 INFO  ReaderService:35 - Сохранение в БД
2024-07-22 14:15:04 INFO  ReaderService:35 - Сохранение в БД
2024-07-22 14:15:04 INFO  ReaderService:35 - Сохранение в БД
2024-07-22 14:15:04 INFO  ReaderService:35 - Сохранение в БД
2024-07-22 14:15:04 INFO  ReaderService:35 - Сохранение в БД
2024-07-22 14:15:04 INFO  ReaderService:35 - Сохранение в БД
2024-07-22 14:15:04 INFO  ReaderService:35 - Сохранение в БД
2024-07-22 14:15:04 INFO  ReaderService:35 - Сохранение в БД
2024-07-22 14:15:04 INFO  ReaderService:35 - Сохранение в БД
2024-07-22 14:15:04 INFO  ReaderService:35 - Сохранение в БД
2024-07-22 14:15:04 INFO  ReaderService:35 - Сохранение в БД
2024-07-22 14:15:04 INFO  ReaderService:35 - Сохранение в БД
2024-07-22 14:15:04 INFO  ReaderService:35 - Сохранение в БД
2024-07-22 14:15:04 INFO  ReaderService:35 - Сохранение в БД
2024-07-22 14:15:04 INFO  ReaderService:35 - Сохранение в БД
2024-07-22 14:15:04 INFO  ReaderService:35 - Сохранение в БД
2024-07-22 14:15:04 INFO  ReaderService:35 - Сохранение в БД
2024-07-22 14:15:04 INFO  ReaderService:35 - Сохранение в БД
2024-07-22 14:15:04 INFO  ReaderService:35 - Сохранение в БД
2024-07-22 14:15:04 INFO  ReaderService:35 - Сохранение в БД
2024-07-22 14:15:04 INFO  ReaderService:35 - Сохранение в БД
2024-07-22 14:15:04 INFO  ReaderService:35 - Сохранение в БД
2024-07-22 14:15:04 INFO  ReaderService:35 - Сохранение в БД
2024-07-22 14:15:04 INFO  ReaderService:35 - Сохранение в БД
2024-07-22 14:15:04 INFO  ReaderService:35 - Сохранение в БД
2024-07-22 14:15:04 INFO  ReaderService:35 - Сохранение в БД
2024-07-22 14:15:04 INFO  ReaderService:35 - Сохранение в БД
2024-07-22 14:15:04 INFO  ReaderService:35 - Сохранение в БД
2024-07-22 14:15:04 INFO  ReaderService:35 - Сохранение в БД
2024-07-22 14:15:04 INFO  ReaderService:35 - Сохранение в БД
2024-07-22 14:15:04 INFO  ReaderService:35 - Сохранение в БД
2024-07-22 14:15:04 INFO  ReaderService:35 - Сохранение в БД
2024-07-22 14:15:04 INFO  ReaderService:35 - Сохранение в БД
2024-07-22 14:15:04 INFO  ReaderService:35 - Сохранение в БД
2024-07-22 14:15:04 INFO  ReaderService:35 - Сохранение в БД
2024-07-22 14:15:04 INFO  ReaderService:35 - Сохранение в БД
2024-07-22 14:15:04 INFO  ReaderService:35 - Сохранение в БД
2024-07-22 14:15:04 INFO  ReaderService:35 - Сохранение в БД
2024-07-22 14:15:04 INFO  ReaderService:35 - Сохранение в БД
2024-07-22 14:15:04 INFO  ReaderService:35 - Сохранение в БД
2024-07-22 14:15:04 INFO  ReaderService:35 - Сохранение в БД
2024-07-22 14:15:04 INFO  ReaderService:35 - Сохранение в БД
2024-07-22 14:15:04 INFO  ReaderService:35 - Сохранение в БД
2024-07-22 14:15:04 INFO  ReaderService:35 - Сохранение в БД
2024-07-22 14:15:04 INFO  ReaderService:35 - Сохранение в БД
2024-07-22 14:15:04 INFO  ReaderService:35 - Сохранение в БД
2024-07-22 14:15:04 INFO  ReaderService:35 - Сохранение в БД
2024-07-22 14:15:04 INFO  ReaderService:35 - Сохранение в БД
2024-07-22 14:15:04 INFO  ReaderService:35 - Сохранение в БД
2024-07-22 14:15:04 INFO  ReaderService:35 - Сохранение в БД
2024-07-22 14:15:04 INFO  ReaderService:35 - Сохранение в БД
2024-07-22 14:15:04 INFO  ReaderService:35 - Сохранение в БД
2024-07-22 14:15:04 INFO  ReaderService:35 - Сохранение в БД
2024-07-22 14:15:04 INFO  ReaderService:35 - Сохранение в БД
2024-07-22 14:15:04 INFO  ReaderService:35 - Сохранение в БД
2024-07-22 14:15:04 INFO  ReaderService:35 - Сохранение в БД
2024-07-22 14:15:04 INFO  ReaderService:35 - Сохранение в БД
2024-07-22 14:15:04 INFO  ReaderService:35 - Сохранение в БД
2024-07-22 14:15:04 INFO  ReaderService:35 - Сохранение в БД
2024-07-22 14:15:04 INFO  ReaderService:35 - Сохранение в БД
2024-07-22 14:15:04 INFO  ReaderService:35 - Сохранение в БД
2024-07-22 14:15:04 INFO  ReaderService:35 - Сохранение в БД
2024-07-22 14:15:04 INFO  ReaderService:35 - Сохранение в БД
2024-07-22 14:15:04 INFO  ReaderService:35 - Сохранение в БД
2024-07-22 14:15:04 INFO  ReaderService:35 - Сохранение в БД
2024-07-22 14:15:04 INFO  ReaderService:35 - Сохранение в БД
2024-07-22 14:15:04 INFO  ReaderService:35 - Сохранение в БД
2024-07-22 14:15:04 INFO  ReaderService:35 - Сохранение в БД
2024-07-22 14:15:04 INFO  ReaderService:35 - Сохранение в БД
2024-07-22 14:15:04 INFO  ReaderService:35 - Сохранение в БД
2024-07-22 14:15:04 INFO  ReaderService:35 - Сохранение в БД
2024-07-22 14:15:04 INFO  ReaderService:35 - Сохранение в БД
2024-07-22 14:15:04 INFO  ReaderService:35 - Сохранение в БД
2024-07-22 14:15:04 INFO  ReaderService:35 - Сохранение в БД
2024-07-22 14:15:04 INFO  ReaderService:35 - Сохранение в БД
2024-07-22 14:15:04 INFO  ReaderService:35 - Сохранение в БД
2024-07-22 14:15:04 INFO  ReaderService:35 - Сохранение в БД
2024-07-22 14:15:04 INFO  ReaderService:35 - Сохранение в БД
2024-07-22 14:15:04 INFO  ReaderService:35 - Сохранение в БД
2024-07-22 14:15:04 INFO  ReaderService:35 - Сохранение в БД
2024-07-22 14:15:04 INFO  ReaderService:35 - Сохранение в БД
2024-07-22 14:15:04 INFO  ReaderService:35 - Сохранение в БД
2024-07-22 14:15:04 INFO  ReaderService:35 - Сохранение в БД
2024-07-22 14:15:04 INFO  ReaderService:35 - Сохранение в БД
2024-07-22 14:15:04 INFO  ReaderService:35 - Сохранение в БД
2024-07-22 14:15:04 INFO  ReaderService:35 - Сохранение в БД
2024-07-22 14:15:04 INFO  ReaderService:35 - Сохранение в БД
2024-07-22 14:15:04 INFO  ReaderService:35 - Сохранение в БД
2024-07-22 14:15:04 INFO  ReaderService:35 - Сохранение в БД
2024-07-22 14:15:04 INFO  ReaderService:35 - Сохранение в БД
2024-07-22 14:15:04 INFO  ReaderService:35 - Сохранение в БД
2024-07-22 14:15:04 INFO  ReaderService:35 - Сохранение в БД
2024-07-22 14:15:04 INFO  ReaderService:35 - Сохранение в БД
2024-07-22 14:15:04 INFO  ReaderService:35 - Сохранение в БД
2024-07-22 14:15:04 INFO  ReaderService:35 - Сохранение в БД
2024-07-22 14:15:04 INFO  ReaderService:35 - Сохранение в БД
2024-07-22 14:15:04 INFO  ReaderService:35 - Сохранение в БД
2024-07-22 14:15:04 INFO  ReaderService:35 - Сохранение в БД
2024-07-22 14:15:04 INFO  ReaderService:35 - Сохранение в БД
2024-07-22 14:15:04 INFO  ReaderService:35 - Сохранение в БД
2024-07-22 14:15:04 INFO  ReaderService:35 - Сохранение в БД
2024-07-22 14:15:04 INFO  ReaderService:35 - Сохранение в БД
2024-07-22 14:15:04 INFO  ReaderService:35 - Сохранение в БД
2024-07-22 14:15:04 INFO  ReaderService:35 - Сохранение в БД
2024-07-22 14:15:04 INFO  ReaderService:35 - Сохранение в БД
2024-07-22 14:15:04 INFO  ReaderService:35 - Сохранение в БД
2024-07-22 14:15:04 INFO  ReaderService:35 - Сохранение в БД
2024-07-22 14:15:04 INFO  ReaderService:35 - Сохранение в БД
2024-07-22 14:15:04 INFO  ReaderService:35 - Сохранение в БД
2024-07-22 14:15:04 INFO  ReaderService:35 - Сохранение в БД
2024-07-22 14:15:04 INFO  ReaderService:35 - Сохранение в БД
2024-07-22 14:15:04 INFO  ReaderService:35 - Сохранение в БД
2024-07-22 14:15:04 INFO  ReaderService:35 - Сохранение в БД
2024-07-22 14:15:04 INFO  ReaderService:35 - Сохранение в БД
2024-07-22 14:15:04 INFO  ReaderService:35 - Сохранение в БД
2024-07-22 14:15:04 INFO  ReaderService:35 - Сохранение в БД
2024-07-22 14:15:04 INFO  ReaderService:35 - Сохранение в БД
2024-07-22 14:15:04 INFO  ReaderService:35 - Сохранение в БД
2024-07-22 14:15:04 INFO  ReaderService:35 - Сохранение в БД
2024-07-22 14:15:04 INFO  ReaderService:35 - Сохранение в БД
2024-07-22 14:15:04 INFO  ReaderService:35 - Сохранение в БД
2024-07-22 14:15:04 INFO  ReaderService:35 - Сохранение в БД
2024-07-22 14:15:04 INFO  ReaderService:35 - Сохранение в БД
2024-07-22 14:15:04 INFO  ReaderService:35 - Сохранение в БД
2024-07-22 14:15:04 INFO  ReaderService:35 - Сохранение в БД
2024-07-22 14:15:04 INFO  ReaderService:35 - Сохранение в БД
2024-07-22 14:15:04 INFO  ReaderService:35 - Сохранение в БД
2024-07-22 14:15:04 INFO  ReaderService:35 - Сохранение в БД
2024-07-22 14:15:04 INFO  ReaderService:35 - Сохранение в БД
2024-07-22 14:15:04 INFO  ReaderService:35 - Сохранение в БД
2024-07-22 14:15:04 INFO  ReaderService:35 - Сохранение в БД
2024-07-22 14:15:04 INFO  ReaderService:35 - Сохранение в БД
2024-07-22 14:15:04 INFO  ReaderService:35 - Сохранение в БД
2024-07-22 14:15:04 INFO  ReaderService:35 - Сохранение в БД
2024-07-22 14:15:04 INFO  ReaderService:35 - Сохранение в БД
2024-07-22 14:15:04 INFO  ReaderService:35 - Сохранение в БД
2024-07-22 14:15:04 INFO  ReaderService:35 - Сохранение в БД
2024-07-22 14:15:04 INFO  ReaderService:35 - Сохранение в БД
2024-07-22 14:15:04 INFO  ReaderService:35 - Сохранение в БД
2024-07-22 14:15:04 INFO  ReaderService:35 - Сохранение в БД
2024-07-22 14:15:04 INFO  ReaderService:35 - Сохранение в БД
2024-07-22 14:15:04 INFO  ReaderService:35 - Сохранение в БД
2024-07-22 14:15:04 INFO  ReaderService:35 - Сохранение в БД
2024-07-22 14:15:04 INFO  ReaderService:35 - Сохранение в БД
2024-07-22 14:15:04 INFO  ReaderService:35 - Сохранение в БД
2024-07-22 14:15:04 INFO  ReaderService:35 - Сохранение в БД
2024-07-22 14:15:04 INFO  Main:17 - Main is an info message
2024-07-22 14:15:04 WARN  Main:18 - Main is a warn message
2024-07-22 14:15:04 ERROR Main:19 - Main is an error message
2024-07-22 14:15:22 INFO  LocalContainerEntityManagerFactoryBean:650 - Closing JPA EntityManagerFactory for persistence unit 'default'
2024-07-22 14:15:22 INFO  HikariDataSource:350 - HikariPool-1 - Shutdown initiated...
2024-07-22 14:15:22 INFO  HikariDataSource:352 - HikariPool-1 - Shutdown completed.
